Audited 188 packages in 119ms
2026-01-18 14:59:03,647 [INFO] __main__: 🚀 Starting SAE Training
2026-01-18 14:59:03,647 [INFO] __main__: 📱 Using device: cuda
2026-01-18 14:59:03,647 [INFO] __main__: 🔧 Model: speakleash/Bielik-1.5B-v3.0-Instruct
2026-01-18 14:59:03,648 [INFO] __main__: 📁 Store directory: /mnt/evafs/groups/mi2lab/akaniasty/Mi-Crow/experiments/slurm_sae_pipeline/store
2026-01-18 14:59:03,795 [INFO] __main__: 🔌 CUDA available: NVIDIA H100 PCIe
2026-01-18 14:59:03,796 [INFO] __main__: 💾 CUDA memory: 85.03 GB
2026-01-18 14:59:03,796 [INFO] __main__: 📥 Loading language model...
2026-01-18 15:00:01,327 [INFO] __main__: ✅ Model loaded: speakleash_Bielik-1.5B-v3.0-Instruct
2026-01-18 15:00:01,327 [INFO] __main__: 📁 Using run ID from command line: activations_bielik12
2026-01-18 15:00:01,328 [INFO] __main__: 📁 Using run ID: activations_bielik12
2026-01-18 15:00:01,597 [INFO] __main__: 📦 Found 1123 batches
2026-01-18 15:00:01,613 [INFO] __main__: 🎯 Using layer index 1: llamaforcausallm_model_layers_20
2026-01-18 15:00:01,635 [INFO] __main__: 📊 Activation dimension: 1536
2026-01-18 15:00:01,635 [INFO] __main__: 📊 SAE latents: 6144 (4x overcomplete)
2026-01-18 15:00:01,635 [INFO] __main__: 📊 TopK: 64
2026-01-18 15:00:01,635 [INFO] __main__: 🏗️  Creating TopKSAE...
2026-01-18 15:00:01,753 [INFO] __main__: ✅ SAE created: 1536 -> 6144 (TopK=64)
2026-01-18 15:00:01,753 [INFO] __main__: 🏋️ Training TopKSAE...
2026-01-18 15:00:01,753 [INFO] __main__:    Epochs: 25
2026-01-18 15:00:01,753 [INFO] __main__:    Batch size: 64
2026-01-18 15:00:01,753 [INFO] __main__:    Learning rate: 0.001
2026-01-18 15:00:01,753 [INFO] __main__:    L1 lambda: 0.0001
2026-01-18 15:00:01,753 [INFO] __main__:    Device: cuda
2026-01-18 15:00:01,753 [INFO] __main__:    Dtype: None
2026-01-18 15:00:01,753 [INFO] __main__:    Monitoring: detailed (level 2)
2026-01-18 15:00:01,753 [INFO] __main__:    Memory efficient: True
2026-01-18 15:00:01,753 [INFO] __main__:    Snapshots: every 5 epochs
2026-01-18 15:00:01,753 [INFO] __main__:    Wandb: enabled
2026-01-18 15:00:01,753 [INFO] __main__:    Wandb project: amber_playground
2026-01-18 15:00:01,753 [INFO] __main__:    Wandb entity: amber_team
2026-01-18 15:00:01,754 [INFO] __main__:    Wandb mode: online
2026-01-18 15:00:04,156 [WARNING] __main__: ⚠️  Invalid WANDB_API_KEY length: expected 40 characters, got 86
2026-01-18 15:00:04,156 [WARNING] __main__:    Wandb will run in offline mode or use existing credentials
2026-01-18 15:00:04,156 [INFO] __main__: 📦 Checking dataloader...
2026-01-18 15:00:04,157 [INFO] __main__:    Testing dataloader with 1 batch...
2026-01-18 15:00:04,210 [INFO] __main__:    ✅ Dataloader works! Batch shape: torch.Size([64, 1536])
2026-01-18 15:00:04,210 [INFO] __main__: 🚀 Starting training (this may take a while)...
2026-01-18 15:00:04,210 [INFO] mi_crow.mechanistic.sae.modules.topk_sae: Initializing SAE engine with k=64
wandb: Appending key for api.wandb.ai to your netrc file: /home2/faculty/akaniasty/.netrc
wandb: Currently logged in as: adam-kaniasty (amber_team) to https://api.wandb.ai. Use `wandb login --relogin` to force relogin
wandb: setting up run mxnm5ox8
wandb: Tracking run with wandb version 0.23.1
wandb: Run data is saved locally in /mnt/evafs/groups/mi2lab/akaniasty/Mi-Crow/wandb/run-20260118_150005-mxnm5ox8
wandb: Run `wandb offline` to turn off syncing.
wandb: Syncing run activations_bielik12
wandb: ⭐️ View project at https://wandb.ai/amber_team/amber_playground
wandb: 🚀 View run at https://wandb.ai/amber_team/amber_playground/runs/mxnm5ox8
2026-01-18 15:00:07,660 [INFO] mi_crow.mechanistic.sae.sae_trainer: [SaeTrainer] Wandb run initialized: activations_bielik12 (id: mxnm5ox8)
2026-01-18 15:00:07,660 [INFO] mi_crow.mechanistic.sae.sae_trainer: [SaeTrainer] Wandb project: amber_playground, entity: amber_team
2026-01-18 15:00:07,661 [INFO] mi_crow.mechanistic.sae.sae_trainer: [SaeTrainer] Starting training run_id=activations_bielik12 epochs=25 batch_size=64 device=cuda use_amp=True
2026-01-18 15:00:07,662 [INFO] mi_crow.mechanistic.sae.sae_trainer: [SaeTrainer] Running training with snapshots every 5 epochs
2026-01-18 15:00:07,662 [INFO] mi_crow.mechanistic.sae.sae_trainer: [SaeTrainer] Training epoch 1/25
2026-01-18 15:18:08,541 [INFO] mi_crow.mechanistic.sae.sae_trainer: [SaeTrainer] Training epoch 2/25
2026-01-18 15:35:17,938 [INFO] mi_crow.mechanistic.sae.sae_trainer: [SaeTrainer] Training epoch 3/25
2026-01-18 15:52:26,757 [INFO] mi_crow.mechanistic.sae.sae_trainer: [SaeTrainer] Training epoch 4/25
2026-01-18 16:09:31,685 [INFO] mi_crow.mechanistic.sae.sae_trainer: [SaeTrainer] Training epoch 5/25
2026-01-18 16:26:39,120 [INFO] mi_crow.mechanistic.sae.sae_trainer: [SaeTrainer] Saved snapshot to: /mnt/evafs/groups/mi2lab/akaniasty/Mi-Crow/experiments/slurm_sae_pipeline/store/runs/sae_llamaforcausallm_model_layers_20_20260118_150004/snapshots/model_epoch_5.pt
2026-01-18 16:26:39,666 [INFO] mi_crow.mechanistic.sae.sae_trainer: [SaeTrainer] Training epoch 6/25
2026-01-18 16:43:46,629 [INFO] mi_crow.mechanistic.sae.sae_trainer: [SaeTrainer] Training epoch 7/25
2026-01-18 17:00:52,746 [INFO] mi_crow.mechanistic.sae.sae_trainer: [SaeTrainer] Training epoch 8/25
2026-01-18 17:17:58,457 [INFO] mi_crow.mechanistic.sae.sae_trainer: [SaeTrainer] Training epoch 9/25
2026-01-18 17:35:05,363 [INFO] mi_crow.mechanistic.sae.sae_trainer: [SaeTrainer] Training epoch 10/25
2026-01-18 17:52:11,366 [INFO] mi_crow.mechanistic.sae.sae_trainer: [SaeTrainer] Saved snapshot to: /mnt/evafs/groups/mi2lab/akaniasty/Mi-Crow/experiments/slurm_sae_pipeline/store/runs/sae_llamaforcausallm_model_layers_20_20260118_150004/snapshots/model_epoch_10.pt
2026-01-18 17:52:12,172 [INFO] mi_crow.mechanistic.sae.sae_trainer: [SaeTrainer] Training epoch 11/25
2026-01-18 18:09:19,143 [INFO] mi_crow.mechanistic.sae.sae_trainer: [SaeTrainer] Training epoch 12/25
2026-01-18 18:26:26,869 [INFO] mi_crow.mechanistic.sae.sae_trainer: [SaeTrainer] Training epoch 13/25
2026-01-18 18:43:29,794 [INFO] mi_crow.mechanistic.sae.sae_trainer: [SaeTrainer] Training epoch 14/25
2026-01-18 19:00:34,737 [INFO] mi_crow.mechanistic.sae.sae_trainer: [SaeTrainer] Training epoch 15/25
2026-01-18 19:17:42,773 [INFO] mi_crow.mechanistic.sae.sae_trainer: [SaeTrainer] Saved snapshot to: /mnt/evafs/groups/mi2lab/akaniasty/Mi-Crow/experiments/slurm_sae_pipeline/store/runs/sae_llamaforcausallm_model_layers_20_20260118_150004/snapshots/model_epoch_15.pt
2026-01-18 19:17:43,822 [INFO] mi_crow.mechanistic.sae.sae_trainer: [SaeTrainer] Training epoch 16/25
2026-01-18 19:35:08,634 [INFO] mi_crow.mechanistic.sae.sae_trainer: [SaeTrainer] Training epoch 17/25
2026-01-18 19:52:13,889 [INFO] mi_crow.mechanistic.sae.sae_trainer: [SaeTrainer] Training epoch 18/25
2026-01-18 20:09:17,672 [INFO] mi_crow.mechanistic.sae.sae_trainer: [SaeTrainer] Training epoch 19/25
2026-01-18 20:26:19,717 [INFO] mi_crow.mechanistic.sae.sae_trainer: [SaeTrainer] Training epoch 20/25
2026-01-18 20:43:24,997 [INFO] mi_crow.mechanistic.sae.sae_trainer: [SaeTrainer] Saved snapshot to: /mnt/evafs/groups/mi2lab/akaniasty/Mi-Crow/experiments/slurm_sae_pipeline/store/runs/sae_llamaforcausallm_model_layers_20_20260118_150004/snapshots/model_epoch_20.pt
2026-01-18 20:43:26,380 [INFO] mi_crow.mechanistic.sae.sae_trainer: [SaeTrainer] Training epoch 21/25
2026-01-18 21:00:36,009 [INFO] mi_crow.mechanistic.sae.sae_trainer: [SaeTrainer] Training epoch 22/25
2026-01-18 21:17:48,323 [INFO] mi_crow.mechanistic.sae.sae_trainer: [SaeTrainer] Training epoch 23/25
2026-01-18 21:34:59,683 [INFO] mi_crow.mechanistic.sae.sae_trainer: [SaeTrainer] Training epoch 24/25
2026-01-18 21:52:07,528 [INFO] mi_crow.mechanistic.sae.sae_trainer: [SaeTrainer] Training epoch 25/25
2026-01-18 22:09:13,189 [INFO] mi_crow.mechanistic.sae.sae_trainer: [SaeTrainer] Saved snapshot to: /mnt/evafs/groups/mi2lab/akaniasty/Mi-Crow/experiments/slurm_sae_pipeline/store/runs/sae_llamaforcausallm_model_layers_20_20260118_150004/snapshots/model_epoch_25.pt
2026-01-18 22:09:14,709 [INFO] mi_crow.mechanistic.sae.sae_trainer: [SaeTrainer] Training with snapshots completed, processing 25 epoch results...
2026-01-18 22:09:14,719 [INFO] mi_crow.mechanistic.sae.sae_trainer: [SaeTrainer] Epoch 1: loss=0.626758 recon_mse=0.005286 l1=8.536901 r2=0.994714
2026-01-18 22:09:14,720 [INFO] mi_crow.mechanistic.sae.sae_trainer: [SaeTrainer] Epoch 2: loss=0.234906 recon_mse=0.004573 l1=7.766207 r2=0.995427
2026-01-18 22:09:14,720 [INFO] mi_crow.mechanistic.sae.sae_trainer: [SaeTrainer] Epoch 3: loss=0.233458 recon_mse=0.004558 l1=7.813920 r2=0.995442
2026-01-18 22:09:14,720 [INFO] mi_crow.mechanistic.sae.sae_trainer: [SaeTrainer] Epoch 4: loss=0.232317 recon_mse=0.004575 l1=7.743378 r2=0.995425
2026-01-18 22:09:14,720 [INFO] mi_crow.mechanistic.sae.sae_trainer: [SaeTrainer] Epoch 5: loss=0.224025 recon_mse=0.004533 l1=7.270342 r2=0.995467
2026-01-18 22:09:14,721 [INFO] mi_crow.mechanistic.sae.sae_trainer: [SaeTrainer] Epoch 6: loss=0.222946 recon_mse=0.004518 l1=6.908993 r2=0.995482
2026-01-18 22:09:14,721 [INFO] mi_crow.mechanistic.sae.sae_trainer: [SaeTrainer] Epoch 7: loss=0.224537 recon_mse=0.004513 l1=6.884179 r2=0.995487
2026-01-18 22:09:14,721 [INFO] mi_crow.mechanistic.sae.sae_trainer: [SaeTrainer] Epoch 8: loss=0.225638 recon_mse=0.004519 l1=6.979265 r2=0.995481
2026-01-18 22:09:14,721 [INFO] mi_crow.mechanistic.sae.sae_trainer: [SaeTrainer] Epoch 9: loss=0.226388 recon_mse=0.004519 l1=7.000997 r2=0.995481
2026-01-18 22:09:14,722 [INFO] mi_crow.mechanistic.sae.sae_trainer: [SaeTrainer] Epoch 10: loss=0.232998 recon_mse=0.004535 l1=6.996455 r2=0.995465
2026-01-18 22:09:14,722 [INFO] mi_crow.mechanistic.sae.sae_trainer: [SaeTrainer] Epoch 11: loss=0.234475 recon_mse=0.004555 l1=7.063934 r2=0.995445
2026-01-18 22:09:14,722 [INFO] mi_crow.mechanistic.sae.sae_trainer: [SaeTrainer] Epoch 12: loss=0.231869 recon_mse=0.004542 l1=6.997251 r2=0.995458
2026-01-18 22:09:14,722 [INFO] mi_crow.mechanistic.sae.sae_trainer: [SaeTrainer] Epoch 13: loss=0.228471 recon_mse=0.004551 l1=6.916715 r2=0.995449
2026-01-18 22:09:14,722 [INFO] mi_crow.mechanistic.sae.sae_trainer: [SaeTrainer] Epoch 14: loss=0.227828 recon_mse=0.004526 l1=6.929649 r2=0.995474
2026-01-18 22:09:14,722 [INFO] mi_crow.mechanistic.sae.sae_trainer: [SaeTrainer] Epoch 15: loss=0.227644 recon_mse=0.004541 l1=6.857781 r2=0.995459
2026-01-18 22:09:14,722 [INFO] mi_crow.mechanistic.sae.sae_trainer: [SaeTrainer] Epoch 16: loss=0.226157 recon_mse=0.004541 l1=6.879296 r2=0.995459
2026-01-18 22:09:14,723 [INFO] mi_crow.mechanistic.sae.sae_trainer: [SaeTrainer] Epoch 17: loss=0.226220 recon_mse=0.004538 l1=6.890510 r2=0.995462
2026-01-18 22:09:14,723 [INFO] mi_crow.mechanistic.sae.sae_trainer: [SaeTrainer] Epoch 18: loss=0.226110 recon_mse=0.004531 l1=6.888891 r2=0.995469
2026-01-18 22:09:14,723 [INFO] mi_crow.mechanistic.sae.sae_trainer: [SaeTrainer] Epoch 19: loss=0.225671 recon_mse=0.004532 l1=6.969074 r2=0.995468
2026-01-18 22:09:14,723 [INFO] mi_crow.mechanistic.sae.sae_trainer: [SaeTrainer] Epoch 20: loss=0.228865 recon_mse=0.004544 l1=6.995770 r2=0.995456
2026-01-18 22:09:14,723 [INFO] mi_crow.mechanistic.sae.sae_trainer: [SaeTrainer] Epoch 21: loss=0.228713 recon_mse=0.004527 l1=7.063806 r2=0.995473
2026-01-18 22:09:14,723 [INFO] mi_crow.mechanistic.sae.sae_trainer: [SaeTrainer] Epoch 22: loss=0.230431 recon_mse=0.004537 l1=6.986806 r2=0.995463
2026-01-18 22:09:14,724 [INFO] mi_crow.mechanistic.sae.sae_trainer: [SaeTrainer] Epoch 23: loss=0.228278 recon_mse=0.004548 l1=6.933704 r2=0.995452
2026-01-18 22:09:14,724 [INFO] mi_crow.mechanistic.sae.sae_trainer: [SaeTrainer] Epoch 24: loss=0.227601 recon_mse=0.004531 l1=6.901314 r2=0.995469
2026-01-18 22:09:14,724 [INFO] mi_crow.mechanistic.sae.sae_trainer: [SaeTrainer] Epoch 25: loss=0.228479 recon_mse=0.004515 l1=6.869155 r2=0.995485
2026-01-18 22:09:15,559 [INFO] mi_crow.mechanistic.sae.sae_trainer: [SaeTrainer] Logging metrics to wandb (history keys: ['loss', 'recon_mse', 'l1', 'r2', 'l0', 'dead_features_pct'], num epochs: 25)
2026-01-18 22:09:15,559 [INFO] mi_crow.mechanistic.sae.sae_trainer: [SaeTrainer] Logging 25 epochs to wandb
2026-01-18 22:09:15,560 [INFO] mi_crow.mechanistic.sae.sae_trainer: [SaeTrainer] Logging epoch 1 metrics to wandb: ['epoch', 'train/loss', 'train/reconstruction_mse', 'train/r2_score', 'train/l1_penalty', 'train/learning_rate']
2026-01-18 22:09:15,562 [INFO] mi_crow.mechanistic.sae.sae_trainer: [SaeTrainer] Logging epoch 2 metrics to wandb: ['epoch', 'train/loss', 'train/reconstruction_mse', 'train/r2_score', 'train/l1_penalty', 'train/learning_rate']
2026-01-18 22:09:15,563 [INFO] mi_crow.mechanistic.sae.sae_trainer: [SaeTrainer] Logging epoch 3 metrics to wandb: ['epoch', 'train/loss', 'train/reconstruction_mse', 'train/r2_score', 'train/l1_penalty', 'train/learning_rate']
2026-01-18 22:09:15,563 [INFO] mi_crow.mechanistic.sae.sae_trainer: [SaeTrainer] Logging epoch 4 metrics to wandb: ['epoch', 'train/loss', 'train/reconstruction_mse', 'train/r2_score', 'train/l1_penalty', 'train/learning_rate']
2026-01-18 22:09:15,564 [INFO] mi_crow.mechanistic.sae.sae_trainer: [SaeTrainer] Logging epoch 5 metrics to wandb: ['epoch', 'train/loss', 'train/reconstruction_mse', 'train/r2_score', 'train/l1_penalty', 'train/learning_rate']
2026-01-18 22:09:15,564 [INFO] mi_crow.mechanistic.sae.sae_trainer: [SaeTrainer] Logging epoch 6 metrics to wandb: ['epoch', 'train/loss', 'train/reconstruction_mse', 'train/r2_score', 'train/l1_penalty', 'train/learning_rate']
2026-01-18 22:09:15,565 [INFO] mi_crow.mechanistic.sae.sae_trainer: [SaeTrainer] Logging epoch 7 metrics to wandb: ['epoch', 'train/loss', 'train/reconstruction_mse', 'train/r2_score', 'train/l1_penalty', 'train/learning_rate']
2026-01-18 22:09:15,565 [INFO] mi_crow.mechanistic.sae.sae_trainer: [SaeTrainer] Logging epoch 8 metrics to wandb: ['epoch', 'train/loss', 'train/reconstruction_mse', 'train/r2_score', 'train/l1_penalty', 'train/learning_rate']
2026-01-18 22:09:15,566 [INFO] mi_crow.mechanistic.sae.sae_trainer: [SaeTrainer] Logging epoch 9 metrics to wandb: ['epoch', 'train/loss', 'train/reconstruction_mse', 'train/r2_score', 'train/l1_penalty', 'train/learning_rate']
2026-01-18 22:09:15,566 [INFO] mi_crow.mechanistic.sae.sae_trainer: [SaeTrainer] Logging epoch 10 metrics to wandb: ['epoch', 'train/loss', 'train/reconstruction_mse', 'train/r2_score', 'train/l1_penalty', 'train/learning_rate']
2026-01-18 22:09:15,567 [INFO] mi_crow.mechanistic.sae.sae_trainer: [SaeTrainer] Logging epoch 11 metrics to wandb: ['epoch', 'train/loss', 'train/reconstruction_mse', 'train/r2_score', 'train/l1_penalty', 'train/learning_rate']
2026-01-18 22:09:15,567 [INFO] mi_crow.mechanistic.sae.sae_trainer: [SaeTrainer] Logging epoch 12 metrics to wandb: ['epoch', 'train/loss', 'train/reconstruction_mse', 'train/r2_score', 'train/l1_penalty', 'train/learning_rate']
2026-01-18 22:09:15,568 [INFO] mi_crow.mechanistic.sae.sae_trainer: [SaeTrainer] Logging epoch 13 metrics to wandb: ['epoch', 'train/loss', 'train/reconstruction_mse', 'train/r2_score', 'train/l1_penalty', 'train/learning_rate']
2026-01-18 22:09:15,568 [INFO] mi_crow.mechanistic.sae.sae_trainer: [SaeTrainer] Logging epoch 14 metrics to wandb: ['epoch', 'train/loss', 'train/reconstruction_mse', 'train/r2_score', 'train/l1_penalty', 'train/learning_rate']
2026-01-18 22:09:15,568 [INFO] mi_crow.mechanistic.sae.sae_trainer: [SaeTrainer] Logging epoch 15 metrics to wandb: ['epoch', 'train/loss', 'train/reconstruction_mse', 'train/r2_score', 'train/l1_penalty', 'train/learning_rate']
2026-01-18 22:09:15,569 [INFO] mi_crow.mechanistic.sae.sae_trainer: [SaeTrainer] Logging epoch 16 metrics to wandb: ['epoch', 'train/loss', 'train/reconstruction_mse', 'train/r2_score', 'train/l1_penalty', 'train/learning_rate']
2026-01-18 22:09:15,569 [INFO] mi_crow.mechanistic.sae.sae_trainer: [SaeTrainer] Logging epoch 17 metrics to wandb: ['epoch', 'train/loss', 'train/reconstruction_mse', 'train/r2_score', 'train/l1_penalty', 'train/learning_rate']
2026-01-18 22:09:15,570 [INFO] mi_crow.mechanistic.sae.sae_trainer: [SaeTrainer] Logging epoch 18 metrics to wandb: ['epoch', 'train/loss', 'train/reconstruction_mse', 'train/r2_score', 'train/l1_penalty', 'train/learning_rate']
2026-01-18 22:09:15,570 [INFO] mi_crow.mechanistic.sae.sae_trainer: [SaeTrainer] Logging epoch 19 metrics to wandb: ['epoch', 'train/loss', 'train/reconstruction_mse', 'train/r2_score', 'train/l1_penalty', 'train/learning_rate']
2026-01-18 22:09:15,571 [INFO] mi_crow.mechanistic.sae.sae_trainer: [SaeTrainer] Logging epoch 20 metrics to wandb: ['epoch', 'train/loss', 'train/reconstruction_mse', 'train/r2_score', 'train/l1_penalty', 'train/learning_rate']
2026-01-18 22:09:15,571 [INFO] mi_crow.mechanistic.sae.sae_trainer: [SaeTrainer] Logging epoch 21 metrics to wandb: ['epoch', 'train/loss', 'train/reconstruction_mse', 'train/r2_score', 'train/l1_penalty', 'train/learning_rate']
2026-01-18 22:09:15,572 [INFO] mi_crow.mechanistic.sae.sae_trainer: [SaeTrainer] Logging epoch 22 metrics to wandb: ['epoch', 'train/loss', 'train/reconstruction_mse', 'train/r2_score', 'train/l1_penalty', 'train/learning_rate']
2026-01-18 22:09:15,572 [INFO] mi_crow.mechanistic.sae.sae_trainer: [SaeTrainer] Logging epoch 23 metrics to wandb: ['epoch', 'train/loss', 'train/reconstruction_mse', 'train/r2_score', 'train/l1_penalty', 'train/learning_rate']
2026-01-18 22:09:15,573 [INFO] mi_crow.mechanistic.sae.sae_trainer: [SaeTrainer] Logging epoch 24 metrics to wandb: ['epoch', 'train/loss', 'train/reconstruction_mse', 'train/r2_score', 'train/l1_penalty', 'train/learning_rate']
2026-01-18 22:09:15,573 [INFO] mi_crow.mechanistic.sae.sae_trainer: [SaeTrainer] Logging epoch 25 metrics to wandb: ['epoch', 'train/loss', 'train/reconstruction_mse', 'train/r2_score', 'train/l1_penalty', 'train/learning_rate', 'train/l0_sparsity', 'train/dead_features_pct']
2026-01-18 22:09:15,574 [INFO] mi_crow.mechanistic.sae.sae_trainer: [SaeTrainer] Updated wandb summary with final metrics: ['final/loss', 'final/reconstruction_mse', 'final/r2_score', 'final/l1_penalty', 'final/l0_sparsity', 'final/dead_features_pct', 'training/num_epochs', 'best/loss', 'best/loss_epoch', 'best/r2_score', 'best/r2_epoch']
2026-01-18 22:09:15,574 [INFO] mi_crow.mechanistic.sae.sae_trainer: [SaeTrainer] Metrics logged to wandb: https://wandb.ai/amber_team/amber_playground/runs/mxnm5ox8
2026-01-18 22:09:15,574 [INFO] mi_crow.mechanistic.sae.sae_trainer: [SaeTrainer] Wandb run URL: https://wandb.ai/amber_team/amber_playground/runs/mxnm5ox8
wandb: updating run metadata; uploading output.log; uploading wandb-summary.json
wandb: uploading history steps 0-24, summary, console lines 57-114
wandb: 
wandb: Run history:
wandb:                    epoch ▁▁▂▂▂▂▃▃▃▄▄▄▅▅▅▅▆▆▆▇▇▇▇██
wandb:  train/dead_features_pct ▁
wandb:        train/l0_sparsity ▁
wandb:         train/l1_penalty █▅▅▅▃▁▁▂▂▂▂▂▁▁▁▁▁▁▁▂▂▂▁▁▁
wandb:      train/learning_rate ▁▁▁▁▁▁▁▁▁▁▁▁▁▁▁▁▁▁▁▁▁▁▁▁▁
wandb:               train/loss █▁▁▁▁▁▁▁▁▁▁▁▁▁▁▁▁▁▁▁▁▁▁▁▁
wandb:           train/r2_score ▁▇█▇█████████████████████
wandb: train/reconstruction_mse █▂▁▂▁▁▁▁▁▁▁▁▁▁▁▁▁▁▁▁▁▁▁▁▁
wandb: 
wandb: Run summary:
wandb:               best/loss 0.22295
wandb:         best/loss_epoch 6
wandb:           best/r2_epoch 7
wandb:           best/r2_score 0.99549
wandb:                   epoch 25
wandb: final/dead_features_pct 0.66862
wandb:       final/l0_sparsity 0
wandb:        final/l1_penalty 6.86916
wandb:              final/loss 0.22848
wandb:          final/r2_score 0.99548
wandb:                      +9 ...
wandb: 
wandb: 🚀 View run activations_bielik12 at: https://wandb.ai/amber_team/amber_playground/runs/mxnm5ox8
wandb: ⭐️ View project at: https://wandb.ai/amber_team/amber_playground
wandb: Synced 5 W&B file(s), 0 media file(s), 0 artifact file(s) and 0 other file(s)
wandb: Find logs at: ./wandb/run-20260118_150005-mxnm5ox8/logs
2026-01-18 22:09:16,804 [INFO] mi_crow.mechanistic.sae.sae_trainer: [SaeTrainer] Wandb run finished and synced
2026-01-18 22:09:16,804 [INFO] mi_crow.mechanistic.sae.sae_trainer: [SaeTrainer] Training completed, processing 25 epochs of results
2026-01-18 22:09:16,804 [INFO] mi_crow.mechanistic.sae.sae_trainer: [SaeTrainer] Completed training
2026-01-18 22:09:16,804 [INFO] mi_crow.mechanistic.sae.sae_trainer: [SaeTrainer] Saving training outputs to store/runs/sae_llamaforcausallm_model_layers_20_20260118_150004/
2026-01-18 22:09:17,048 [INFO] mi_crow.mechanistic.sae.sae_trainer: [SaeTrainer] Saved model to: /mnt/evafs/groups/mi2lab/akaniasty/Mi-Crow/experiments/slurm_sae_pipeline/store/runs/sae_llamaforcausallm_model_layers_20_20260118_150004/model.pt
2026-01-18 22:09:17,048 [INFO] mi_crow.mechanistic.sae.sae_trainer: [SaeTrainer] Saved history to: /mnt/evafs/groups/mi2lab/akaniasty/Mi-Crow/experiments/slurm_sae_pipeline/store/runs/sae_llamaforcausallm_model_layers_20_20260118_150004/history.json
2026-01-18 22:09:17,048 [INFO] mi_crow.mechanistic.sae.sae_trainer: [SaeTrainer] Saved metadata to: runs/sae_llamaforcausallm_model_layers_20_20260118_150004/meta.json
2026-01-18 22:09:17,717 [INFO] __main__: ✅ Training function returned!
2026-01-18 22:09:17,717 [INFO] __main__: 💾 Training outputs saved to: store/runs/sae_llamaforcausallm_model_layers_20_20260118_150004/
2026-01-18 22:09:17,717 [INFO] __main__:    - Model: store/runs/sae_llamaforcausallm_model_layers_20_20260118_150004/model.pt
2026-01-18 22:09:17,717 [INFO] __main__:    - History: store/runs/sae_llamaforcausallm_model_layers_20_20260118_150004/history.json
2026-01-18 22:09:17,717 [INFO] __main__:    - Metadata: store/runs/sae_llamaforcausallm_model_layers_20_20260118_150004/meta.json
2026-01-18 22:09:17,718 [INFO] __main__:    - Snapshots: store/runs/sae_llamaforcausallm_model_layers_20_20260118_150004/snapshots/
2026-01-18 22:09:17,718 [INFO] __main__:    - Wandb URL: https://wandb.ai/amber_team/amber_playground/runs/mxnm5ox8
