=== Job Information ===
Node: hopper
PWD: /mnt/evafs/groups/mi2lab/akaniasty/Mi-Crow
Date: Sun Jan 18 02:40:16 PM CET 2026
GPU: GPU 0: NVIDIA H100 PCIe (UUID: GPU-a4d83f5b-6192-a659-23b9-0a1e856c47d8)
Run ID: activations_20260118_122829

Using uv: /mnt/evafs/groups/mi2lab/akaniasty/Mi-Crow/.uv-bin/uv
uv version: uv 0.9.26

Setting up Python environment...
Syncing dependencies with uv...

Epoch[1/1], Loss: 0.7414, R2: 0.9886, L0: 8.9330, Dead Features: 0.0%, Time: 1405.6560 seconds
Epoch[1/1], Loss: 0.2359, R2: 0.9895, L0: 7.2732, Dead Features: 71.6%, Time: 1288.7370 seconds
Epoch[1/1], Loss: 0.2102, R2: 0.9895, L0: 7.0023, Dead Features: 80.0%, Time: 1298.3568 seconds
Epoch[1/1], Loss: 0.2108, R2: 0.9895, L0: 7.0473, Dead Features: 84.2%, Time: 1280.0062 seconds
Epoch[1/1], Loss: 0.2096, R2: 0.9895, L0: 7.1040, Dead Features: 87.0%, Time: 1288.0070 seconds
Epoch[1/1], Loss: 0.2097, R2: 0.9895, L0: 7.2080, Dead Features: 88.9%, Time: 1288.3666 seconds
Epoch[1/1], Loss: 0.2104, R2: 0.9895, L0: 7.1777, Dead Features: 90.3%, Time: 1284.9160 seconds
Epoch[1/1], Loss: 0.2106, R2: 0.9895, L0: 7.2452, Dead Features: 91.1%, Time: 1274.5476 seconds
Epoch[1/1], Loss: 0.2100, R2: 0.9895, L0: 6.9868, Dead Features: 90.1%, Time: 1277.0730 seconds
Epoch[1/1], Loss: 0.2083, R2: 0.9894, L0: 6.8964, Dead Features: 80.3%, Time: 1275.8819 seconds
Epoch[1/1], Loss: 0.2127, R2: 0.9894, L0: 6.9325, Dead Features: 55.5%, Time: 1283.4646 seconds
Epoch[1/1], Loss: 0.2126, R2: 0.9894, L0: 6.8468, Dead Features: 56.0%, Time: 1286.5941 seconds
Epoch[1/1], Loss: 0.2074, R2: 0.9894, L0: 6.7473, Dead Features: 67.1%, Time: 1297.3869 seconds
Epoch[1/1], Loss: 0.2070, R2: 0.9894, L0: 6.7326, Dead Features: 73.4%, Time: 1289.5426 seconds
Epoch[1/1], Loss: 0.2058, R2: 0.9894, L0: 6.7062, Dead Features: 77.5%, Time: 1271.3293 seconds
Epoch[1/1], Loss: 0.2054, R2: 0.9894, L0: 6.7088, Dead Features: 80.7%, Time: 1272.0283 seconds
Epoch[1/1], Loss: 0.2066, R2: 0.9894, L0: 6.7180, Dead Features: 82.9%, Time: 1270.8501 seconds
Epoch[1/1], Loss: 0.2066, R2: 0.9894, L0: 6.7474, Dead Features: 84.9%, Time: 1275.9236 seconds
Epoch[1/1], Loss: 0.2067, R2: 0.9894, L0: 6.7730, Dead Features: 85.6%, Time: 1280.1769 seconds
Epoch[1/1], Loss: 0.2067, R2: 0.9894, L0: 6.7754, Dead Features: 83.7%, Time: 1281.3251 seconds
Epoch[1/1], Loss: 0.2070, R2: 0.9894, L0: 6.8484, Dead Features: 77.2%, Time: 1273.5678 seconds
Epoch[1/1], Loss: 0.2090, R2: 0.9894, L0: 6.8196, Dead Features: 70.0%, Time: 1265.1068 seconds
Epoch[1/1], Loss: 0.2086, R2: 0.9894, L0: 6.7006, Dead Features: 68.7%, Time: 1267.3529 seconds
Epoch[1/1], Loss: 0.2079, R2: 0.9894, L0: 6.7454, Dead Features: 71.5%, Time: 1270.0879 seconds
Epoch[1/1], Loss: 0.2074, R2: 0.9894, L0: 6.8072, Dead Features: 73.6%, Time: 1265.4620 seconds
✅ SAE training completed!
