=== Job Information ===
Node: hopper
PWD: /mnt/evafs/groups/mi2lab/akaniasty/Mi-Crow
Date: Sun Jan 18 02:58:25 PM CET 2026
GPU: GPU 0: NVIDIA H100 PCIe (UUID: GPU-99ffd7ae-1673-ed00-af30-8eef3901bd8d)
Run ID: activations_bielik12

Using uv: /mnt/evafs/groups/mi2lab/akaniasty/Mi-Crow/.uv-bin/uv
uv version: uv 0.9.26

Setting up Python environment...
Syncing dependencies with uv...

Epoch[1/1], Loss: 0.7873, R2: 0.9945, L0: 8.0351, Dead Features: 0.0%, Time: 1080.0074 seconds
Epoch[1/1], Loss: 0.3398, R2: 0.9953, L0: 6.9141, Dead Features: 56.4%, Time: 1023.9685 seconds
Epoch[1/1], Loss: 0.3091, R2: 0.9954, L0: 7.0153, Dead Features: 66.4%, Time: 1021.6239 seconds
Epoch[1/1], Loss: 0.2600, R2: 0.9955, L0: 7.3538, Dead Features: 71.8%, Time: 1020.5948 seconds
Epoch[1/1], Loss: 0.2494, R2: 0.9956, L0: 7.3478, Dead Features: 75.1%, Time: 1024.7518 seconds
Epoch[1/1], Loss: 0.2456, R2: 0.9956, L0: 7.4329, Dead Features: 78.3%, Time: 1022.7625 seconds
Epoch[1/1], Loss: 0.2366, R2: 0.9956, L0: 7.6209, Dead Features: 80.2%, Time: 1023.1651 seconds
Epoch[1/1], Loss: 0.2171, R2: 0.9956, L0: 7.8072, Dead Features: 81.6%, Time: 1024.3429 seconds
Epoch[1/1], Loss: 0.2114, R2: 0.9956, L0: 7.3601, Dead Features: 81.1%, Time: 1024.5477 seconds
Epoch[1/1], Loss: 0.2154, R2: 0.9956, L0: 7.3527, Dead Features: 70.8%, Time: 1021.7972 seconds
Epoch[1/1], Loss: 0.2169, R2: 0.9957, L0: 7.3752, Dead Features: 49.5%, Time: 1026.7415 seconds
Epoch[1/1], Loss: 0.2135, R2: 0.9956, L0: 7.2798, Dead Features: 49.4%, Time: 1027.4923 seconds
Epoch[1/1], Loss: 0.2125, R2: 0.9956, L0: 7.2439, Dead Features: 56.4%, Time: 1020.8141 seconds
Epoch[1/1], Loss: 0.2105, R2: 0.9956, L0: 7.0882, Dead Features: 61.2%, Time: 1019.9170 seconds
Epoch[1/1], Loss: 0.2116, R2: 0.9957, L0: 7.1381, Dead Features: 65.2%, Time: 1029.9955 seconds
Epoch[1/1], Loss: 0.2124, R2: 0.9956, L0: 7.1683, Dead Features: 68.5%, Time: 1037.9394 seconds
Epoch[1/1], Loss: 0.2114, R2: 0.9956, L0: 7.1521, Dead Features: 71.5%, Time: 1022.9615 seconds
Epoch[1/1], Loss: 0.2103, R2: 0.9957, L0: 7.2064, Dead Features: 73.7%, Time: 1020.5353 seconds
Epoch[1/1], Loss: 0.2095, R2: 0.9957, L0: 7.2170, Dead Features: 75.0%, Time: 1021.5222 seconds
Epoch[1/1], Loss: 0.2114, R2: 0.9957, L0: 7.2812, Dead Features: 74.3%, Time: 1021.8107 seconds
Epoch[1/1], Loss: 0.2135, R2: 0.9956, L0: 7.2531, Dead Features: 67.4%, Time: 1025.3064 seconds
Epoch[1/1], Loss: 0.2145, R2: 0.9956, L0: 7.2130, Dead Features: 61.1%, Time: 1027.8582 seconds
Epoch[1/1], Loss: 0.2132, R2: 0.9956, L0: 7.2062, Dead Features: 60.3%, Time: 1029.4316 seconds
Epoch[1/1], Loss: 0.2129, R2: 0.9957, L0: 7.1744, Dead Features: 60.6%, Time: 1024.7492 seconds
Epoch[1/1], Loss: 0.2129, R2: 0.9957, L0: 7.1973, Dead Features: 62.3%, Time: 1021.7853 seconds
✅ SAE training completed!
