Audited 188 packages in 322ms
2026-01-18 14:59:03,837 [INFO] __main__: 🚀 Starting SAE Training
2026-01-18 14:59:03,838 [INFO] __main__: 📱 Using device: cuda
2026-01-18 14:59:03,838 [INFO] __main__: 🔧 Model: speakleash/Bielik-1.5B-v3.0-Instruct
2026-01-18 14:59:03,838 [INFO] __main__: 📁 Store directory: /mnt/evafs/groups/mi2lab/akaniasty/Mi-Crow/experiments/slurm_sae_pipeline/store
2026-01-18 14:59:03,872 [INFO] __main__: 🔌 CUDA available: NVIDIA H100 PCIe
2026-01-18 14:59:03,872 [INFO] __main__: 💾 CUDA memory: 85.03 GB
2026-01-18 14:59:03,872 [INFO] __main__: 📥 Loading language model...
2026-01-18 15:00:01,328 [INFO] __main__: ✅ Model loaded: speakleash_Bielik-1.5B-v3.0-Instruct
2026-01-18 15:00:01,329 [INFO] __main__: 📁 Using run ID from command line: activations_bielik12
2026-01-18 15:00:01,329 [INFO] __main__: 📁 Using run ID: activations_bielik12
2026-01-18 15:00:01,597 [INFO] __main__: 📦 Found 1123 batches
2026-01-18 15:00:01,614 [INFO] __main__: 🎯 Using layer index 0: llamaforcausallm_model_layers_15
2026-01-18 15:00:01,635 [INFO] __main__: 📊 Activation dimension: 1536
2026-01-18 15:00:01,635 [INFO] __main__: 📊 SAE latents: 6144 (4x overcomplete)
2026-01-18 15:00:01,635 [INFO] __main__: 📊 TopK: 64
2026-01-18 15:00:01,635 [INFO] __main__: 🏗️  Creating TopKSAE...
2026-01-18 15:00:01,743 [INFO] __main__: ✅ SAE created: 1536 -> 6144 (TopK=64)
2026-01-18 15:00:01,744 [INFO] __main__: 🏋️ Training TopKSAE...
2026-01-18 15:00:01,744 [INFO] __main__:    Epochs: 25
2026-01-18 15:00:01,744 [INFO] __main__:    Batch size: 64
2026-01-18 15:00:01,744 [INFO] __main__:    Learning rate: 0.001
2026-01-18 15:00:01,744 [INFO] __main__:    L1 lambda: 0.0001
2026-01-18 15:00:01,744 [INFO] __main__:    Device: cuda
2026-01-18 15:00:01,744 [INFO] __main__:    Dtype: None
2026-01-18 15:00:01,744 [INFO] __main__:    Monitoring: detailed (level 2)
2026-01-18 15:00:01,744 [INFO] __main__:    Memory efficient: True
2026-01-18 15:00:01,744 [INFO] __main__:    Snapshots: every 5 epochs
2026-01-18 15:00:01,744 [INFO] __main__:    Wandb: enabled
2026-01-18 15:00:01,745 [INFO] __main__:    Wandb project: amber_playground
2026-01-18 15:00:01,745 [INFO] __main__:    Wandb entity: amber_team
2026-01-18 15:00:01,745 [INFO] __main__:    Wandb mode: online
2026-01-18 15:00:04,156 [WARNING] __main__: ⚠️  Invalid WANDB_API_KEY length: expected 40 characters, got 86
2026-01-18 15:00:04,156 [WARNING] __main__:    Wandb will run in offline mode or use existing credentials
2026-01-18 15:00:04,156 [INFO] __main__: 📦 Checking dataloader...
2026-01-18 15:00:04,156 [INFO] __main__:    Testing dataloader with 1 batch...
2026-01-18 15:00:04,210 [INFO] __main__:    ✅ Dataloader works! Batch shape: torch.Size([64, 1536])
2026-01-18 15:00:04,210 [INFO] __main__: 🚀 Starting training (this may take a while)...
2026-01-18 15:00:04,210 [INFO] mi_crow.mechanistic.sae.modules.topk_sae: Initializing SAE engine with k=64
wandb: Appending key for api.wandb.ai to your netrc file: /home2/faculty/akaniasty/.netrc
wandb: Currently logged in as: adam-kaniasty (amber_team) to https://api.wandb.ai. Use `wandb login --relogin` to force relogin
wandb: setting up run 57yp0o1g
wandb: Tracking run with wandb version 0.23.1
wandb: Run data is saved locally in /mnt/evafs/groups/mi2lab/akaniasty/Mi-Crow/wandb/run-20260118_150005-57yp0o1g
wandb: Run `wandb offline` to turn off syncing.
wandb: Syncing run activations_bielik12
wandb: ⭐️ View project at https://wandb.ai/amber_team/amber_playground
wandb: 🚀 View run at https://wandb.ai/amber_team/amber_playground/runs/57yp0o1g
2026-01-18 15:00:07,660 [INFO] mi_crow.mechanistic.sae.sae_trainer: [SaeTrainer] Wandb run initialized: activations_bielik12 (id: 57yp0o1g)
2026-01-18 15:00:07,660 [INFO] mi_crow.mechanistic.sae.sae_trainer: [SaeTrainer] Wandb project: amber_playground, entity: amber_team
2026-01-18 15:00:07,661 [INFO] mi_crow.mechanistic.sae.sae_trainer: [SaeTrainer] Starting training run_id=activations_bielik12 epochs=25 batch_size=64 device=cuda use_amp=True
2026-01-18 15:00:07,662 [INFO] mi_crow.mechanistic.sae.sae_trainer: [SaeTrainer] Running training with snapshots every 5 epochs
2026-01-18 15:00:07,662 [INFO] mi_crow.mechanistic.sae.sae_trainer: [SaeTrainer] Training epoch 1/25
2026-01-18 15:18:07,692 [INFO] mi_crow.mechanistic.sae.sae_trainer: [SaeTrainer] Training epoch 2/25
2026-01-18 15:35:11,732 [INFO] mi_crow.mechanistic.sae.sae_trainer: [SaeTrainer] Training epoch 3/25
2026-01-18 15:52:13,444 [INFO] mi_crow.mechanistic.sae.sae_trainer: [SaeTrainer] Training epoch 4/25
2026-01-18 16:09:14,142 [INFO] mi_crow.mechanistic.sae.sae_trainer: [SaeTrainer] Training epoch 5/25
2026-01-18 16:26:19,363 [INFO] mi_crow.mechanistic.sae.sae_trainer: [SaeTrainer] Saved snapshot to: /mnt/evafs/groups/mi2lab/akaniasty/Mi-Crow/experiments/slurm_sae_pipeline/store/runs/sae_llamaforcausallm_model_layers_15_20260118_150004/snapshots/model_epoch_5.pt
2026-01-18 16:26:20,123 [INFO] mi_crow.mechanistic.sae.sae_trainer: [SaeTrainer] Training epoch 6/25
2026-01-18 16:43:22,960 [INFO] mi_crow.mechanistic.sae.sae_trainer: [SaeTrainer] Training epoch 7/25
2026-01-18 17:00:26,192 [INFO] mi_crow.mechanistic.sae.sae_trainer: [SaeTrainer] Training epoch 8/25
2026-01-18 17:17:30,666 [INFO] mi_crow.mechanistic.sae.sae_trainer: [SaeTrainer] Training epoch 9/25
2026-01-18 17:34:35,302 [INFO] mi_crow.mechanistic.sae.sae_trainer: [SaeTrainer] Training epoch 10/25
2026-01-18 17:51:37,485 [INFO] mi_crow.mechanistic.sae.sae_trainer: [SaeTrainer] Saved snapshot to: /mnt/evafs/groups/mi2lab/akaniasty/Mi-Crow/experiments/slurm_sae_pipeline/store/runs/sae_llamaforcausallm_model_layers_15_20260118_150004/snapshots/model_epoch_10.pt
2026-01-18 17:51:38,661 [INFO] mi_crow.mechanistic.sae.sae_trainer: [SaeTrainer] Training epoch 11/25
2026-01-18 18:08:45,473 [INFO] mi_crow.mechanistic.sae.sae_trainer: [SaeTrainer] Training epoch 12/25
2026-01-18 18:25:53,057 [INFO] mi_crow.mechanistic.sae.sae_trainer: [SaeTrainer] Training epoch 13/25
2026-01-18 18:42:53,945 [INFO] mi_crow.mechanistic.sae.sae_trainer: [SaeTrainer] Training epoch 14/25
2026-01-18 18:59:53,965 [INFO] mi_crow.mechanistic.sae.sae_trainer: [SaeTrainer] Training epoch 15/25
2026-01-18 19:17:04,295 [INFO] mi_crow.mechanistic.sae.sae_trainer: [SaeTrainer] Saved snapshot to: /mnt/evafs/groups/mi2lab/akaniasty/Mi-Crow/experiments/slurm_sae_pipeline/store/runs/sae_llamaforcausallm_model_layers_15_20260118_150004/snapshots/model_epoch_15.pt
2026-01-18 19:17:07,114 [INFO] mi_crow.mechanistic.sae.sae_trainer: [SaeTrainer] Training epoch 16/25
2026-01-18 19:34:25,147 [INFO] mi_crow.mechanistic.sae.sae_trainer: [SaeTrainer] Training epoch 17/25
2026-01-18 19:51:28,187 [INFO] mi_crow.mechanistic.sae.sae_trainer: [SaeTrainer] Training epoch 18/25
2026-01-18 20:08:28,792 [INFO] mi_crow.mechanistic.sae.sae_trainer: [SaeTrainer] Training epoch 19/25
2026-01-18 20:25:30,414 [INFO] mi_crow.mechanistic.sae.sae_trainer: [SaeTrainer] Training epoch 20/25
2026-01-18 20:42:32,556 [INFO] mi_crow.mechanistic.sae.sae_trainer: [SaeTrainer] Saved snapshot to: /mnt/evafs/groups/mi2lab/akaniasty/Mi-Crow/experiments/slurm_sae_pipeline/store/runs/sae_llamaforcausallm_model_layers_15_20260118_150004/snapshots/model_epoch_20.pt
2026-01-18 20:42:33,956 [INFO] mi_crow.mechanistic.sae.sae_trainer: [SaeTrainer] Training epoch 21/25
2026-01-18 20:59:39,338 [INFO] mi_crow.mechanistic.sae.sae_trainer: [SaeTrainer] Training epoch 22/25
2026-01-18 21:16:47,282 [INFO] mi_crow.mechanistic.sae.sae_trainer: [SaeTrainer] Training epoch 23/25
2026-01-18 21:33:56,796 [INFO] mi_crow.mechanistic.sae.sae_trainer: [SaeTrainer] Training epoch 24/25
2026-01-18 21:51:01,622 [INFO] mi_crow.mechanistic.sae.sae_trainer: [SaeTrainer] Training epoch 25/25
2026-01-18 22:08:03,739 [INFO] mi_crow.mechanistic.sae.sae_trainer: [SaeTrainer] Saved snapshot to: /mnt/evafs/groups/mi2lab/akaniasty/Mi-Crow/experiments/slurm_sae_pipeline/store/runs/sae_llamaforcausallm_model_layers_15_20260118_150004/snapshots/model_epoch_25.pt
2026-01-18 22:08:05,378 [INFO] mi_crow.mechanistic.sae.sae_trainer: [SaeTrainer] Training with snapshots completed, processing 25 epoch results...
2026-01-18 22:08:05,388 [INFO] mi_crow.mechanistic.sae.sae_trainer: [SaeTrainer] Epoch 1: loss=0.787324 recon_mse=0.005454 l1=8.035148 r2=0.994546
2026-01-18 22:08:05,388 [INFO] mi_crow.mechanistic.sae.sae_trainer: [SaeTrainer] Epoch 2: loss=0.339791 recon_mse=0.004665 l1=6.914135 r2=0.995335
2026-01-18 22:08:05,389 [INFO] mi_crow.mechanistic.sae.sae_trainer: [SaeTrainer] Epoch 3: loss=0.309124 recon_mse=0.004592 l1=7.015348 r2=0.995408
2026-01-18 22:08:05,389 [INFO] mi_crow.mechanistic.sae.sae_trainer: [SaeTrainer] Epoch 4: loss=0.260016 recon_mse=0.004490 l1=7.353845 r2=0.995510
2026-01-18 22:08:05,389 [INFO] mi_crow.mechanistic.sae.sae_trainer: [SaeTrainer] Epoch 5: loss=0.249448 recon_mse=0.004441 l1=7.347795 r2=0.995559
2026-01-18 22:08:05,389 [INFO] mi_crow.mechanistic.sae.sae_trainer: [SaeTrainer] Epoch 6: loss=0.245616 recon_mse=0.004430 l1=7.432927 r2=0.995570
2026-01-18 22:08:05,390 [INFO] mi_crow.mechanistic.sae.sae_trainer: [SaeTrainer] Epoch 7: loss=0.236557 recon_mse=0.004415 l1=7.620922 r2=0.995585
2026-01-18 22:08:05,390 [INFO] mi_crow.mechanistic.sae.sae_trainer: [SaeTrainer] Epoch 8: loss=0.217147 recon_mse=0.004369 l1=7.807190 r2=0.995631
2026-01-18 22:08:05,390 [INFO] mi_crow.mechanistic.sae.sae_trainer: [SaeTrainer] Epoch 9: loss=0.211390 recon_mse=0.004350 l1=7.360143 r2=0.995650
2026-01-18 22:08:05,390 [INFO] mi_crow.mechanistic.sae.sae_trainer: [SaeTrainer] Epoch 10: loss=0.215390 recon_mse=0.004364 l1=7.352674 r2=0.995636
2026-01-18 22:08:05,390 [INFO] mi_crow.mechanistic.sae.sae_trainer: [SaeTrainer] Epoch 11: loss=0.216881 recon_mse=0.004346 l1=7.375245 r2=0.995654
2026-01-18 22:08:05,391 [INFO] mi_crow.mechanistic.sae.sae_trainer: [SaeTrainer] Epoch 12: loss=0.213523 recon_mse=0.004366 l1=7.279813 r2=0.995634
2026-01-18 22:08:05,391 [INFO] mi_crow.mechanistic.sae.sae_trainer: [SaeTrainer] Epoch 13: loss=0.212468 recon_mse=0.004360 l1=7.243938 r2=0.995640
2026-01-18 22:08:05,391 [INFO] mi_crow.mechanistic.sae.sae_trainer: [SaeTrainer] Epoch 14: loss=0.210544 recon_mse=0.004364 l1=7.088180 r2=0.995636
2026-01-18 22:08:05,391 [INFO] mi_crow.mechanistic.sae.sae_trainer: [SaeTrainer] Epoch 15: loss=0.211564 recon_mse=0.004339 l1=7.138051 r2=0.995661
2026-01-18 22:08:05,391 [INFO] mi_crow.mechanistic.sae.sae_trainer: [SaeTrainer] Epoch 16: loss=0.212422 recon_mse=0.004366 l1=7.168252 r2=0.995634
2026-01-18 22:08:05,391 [INFO] mi_crow.mechanistic.sae.sae_trainer: [SaeTrainer] Epoch 17: loss=0.211430 recon_mse=0.004354 l1=7.152093 r2=0.995646
2026-01-18 22:08:05,392 [INFO] mi_crow.mechanistic.sae.sae_trainer: [SaeTrainer] Epoch 18: loss=0.210316 recon_mse=0.004334 l1=7.206398 r2=0.995666
2026-01-18 22:08:05,392 [INFO] mi_crow.mechanistic.sae.sae_trainer: [SaeTrainer] Epoch 19: loss=0.209501 recon_mse=0.004345 l1=7.216965 r2=0.995655
2026-01-18 22:08:05,392 [INFO] mi_crow.mechanistic.sae.sae_trainer: [SaeTrainer] Epoch 20: loss=0.211404 recon_mse=0.004346 l1=7.281203 r2=0.995654
2026-01-18 22:08:05,392 [INFO] mi_crow.mechanistic.sae.sae_trainer: [SaeTrainer] Epoch 21: loss=0.213476 recon_mse=0.004366 l1=7.253095 r2=0.995634
2026-01-18 22:08:05,392 [INFO] mi_crow.mechanistic.sae.sae_trainer: [SaeTrainer] Epoch 22: loss=0.214483 recon_mse=0.004354 l1=7.212999 r2=0.995646
2026-01-18 22:08:05,392 [INFO] mi_crow.mechanistic.sae.sae_trainer: [SaeTrainer] Epoch 23: loss=0.213197 recon_mse=0.004357 l1=7.206240 r2=0.995643
2026-01-18 22:08:05,393 [INFO] mi_crow.mechanistic.sae.sae_trainer: [SaeTrainer] Epoch 24: loss=0.212893 recon_mse=0.004334 l1=7.174447 r2=0.995666
2026-01-18 22:08:05,393 [INFO] mi_crow.mechanistic.sae.sae_trainer: [SaeTrainer] Epoch 25: loss=0.212943 recon_mse=0.004328 l1=7.197332 r2=0.995672
2026-01-18 22:08:06,240 [INFO] mi_crow.mechanistic.sae.sae_trainer: [SaeTrainer] Logging metrics to wandb (history keys: ['loss', 'recon_mse', 'l1', 'r2', 'l0', 'dead_features_pct'], num epochs: 25)
2026-01-18 22:08:06,241 [INFO] mi_crow.mechanistic.sae.sae_trainer: [SaeTrainer] Logging 25 epochs to wandb
2026-01-18 22:08:06,241 [INFO] mi_crow.mechanistic.sae.sae_trainer: [SaeTrainer] Logging epoch 1 metrics to wandb: ['epoch', 'train/loss', 'train/reconstruction_mse', 'train/r2_score', 'train/l1_penalty', 'train/learning_rate']
2026-01-18 22:08:06,242 [INFO] mi_crow.mechanistic.sae.sae_trainer: [SaeTrainer] Logging epoch 2 metrics to wandb: ['epoch', 'train/loss', 'train/reconstruction_mse', 'train/r2_score', 'train/l1_penalty', 'train/learning_rate']
2026-01-18 22:08:06,242 [INFO] mi_crow.mechanistic.sae.sae_trainer: [SaeTrainer] Logging epoch 3 metrics to wandb: ['epoch', 'train/loss', 'train/reconstruction_mse', 'train/r2_score', 'train/l1_penalty', 'train/learning_rate']
2026-01-18 22:08:06,243 [INFO] mi_crow.mechanistic.sae.sae_trainer: [SaeTrainer] Logging epoch 4 metrics to wandb: ['epoch', 'train/loss', 'train/reconstruction_mse', 'train/r2_score', 'train/l1_penalty', 'train/learning_rate']
2026-01-18 22:08:06,243 [INFO] mi_crow.mechanistic.sae.sae_trainer: [SaeTrainer] Logging epoch 5 metrics to wandb: ['epoch', 'train/loss', 'train/reconstruction_mse', 'train/r2_score', 'train/l1_penalty', 'train/learning_rate']
2026-01-18 22:08:06,244 [INFO] mi_crow.mechanistic.sae.sae_trainer: [SaeTrainer] Logging epoch 6 metrics to wandb: ['epoch', 'train/loss', 'train/reconstruction_mse', 'train/r2_score', 'train/l1_penalty', 'train/learning_rate']
2026-01-18 22:08:06,244 [INFO] mi_crow.mechanistic.sae.sae_trainer: [SaeTrainer] Logging epoch 7 metrics to wandb: ['epoch', 'train/loss', 'train/reconstruction_mse', 'train/r2_score', 'train/l1_penalty', 'train/learning_rate']
2026-01-18 22:08:06,245 [INFO] mi_crow.mechanistic.sae.sae_trainer: [SaeTrainer] Logging epoch 8 metrics to wandb: ['epoch', 'train/loss', 'train/reconstruction_mse', 'train/r2_score', 'train/l1_penalty', 'train/learning_rate']
2026-01-18 22:08:06,245 [INFO] mi_crow.mechanistic.sae.sae_trainer: [SaeTrainer] Logging epoch 9 metrics to wandb: ['epoch', 'train/loss', 'train/reconstruction_mse', 'train/r2_score', 'train/l1_penalty', 'train/learning_rate']
2026-01-18 22:08:06,246 [INFO] mi_crow.mechanistic.sae.sae_trainer: [SaeTrainer] Logging epoch 10 metrics to wandb: ['epoch', 'train/loss', 'train/reconstruction_mse', 'train/r2_score', 'train/l1_penalty', 'train/learning_rate']
2026-01-18 22:08:06,246 [INFO] mi_crow.mechanistic.sae.sae_trainer: [SaeTrainer] Logging epoch 11 metrics to wandb: ['epoch', 'train/loss', 'train/reconstruction_mse', 'train/r2_score', 'train/l1_penalty', 'train/learning_rate']
2026-01-18 22:08:06,247 [INFO] mi_crow.mechanistic.sae.sae_trainer: [SaeTrainer] Logging epoch 12 metrics to wandb: ['epoch', 'train/loss', 'train/reconstruction_mse', 'train/r2_score', 'train/l1_penalty', 'train/learning_rate']
2026-01-18 22:08:06,247 [INFO] mi_crow.mechanistic.sae.sae_trainer: [SaeTrainer] Logging epoch 13 metrics to wandb: ['epoch', 'train/loss', 'train/reconstruction_mse', 'train/r2_score', 'train/l1_penalty', 'train/learning_rate']
2026-01-18 22:08:06,248 [INFO] mi_crow.mechanistic.sae.sae_trainer: [SaeTrainer] Logging epoch 14 metrics to wandb: ['epoch', 'train/loss', 'train/reconstruction_mse', 'train/r2_score', 'train/l1_penalty', 'train/learning_rate']
2026-01-18 22:08:06,248 [INFO] mi_crow.mechanistic.sae.sae_trainer: [SaeTrainer] Logging epoch 15 metrics to wandb: ['epoch', 'train/loss', 'train/reconstruction_mse', 'train/r2_score', 'train/l1_penalty', 'train/learning_rate']
2026-01-18 22:08:06,249 [INFO] mi_crow.mechanistic.sae.sae_trainer: [SaeTrainer] Logging epoch 16 metrics to wandb: ['epoch', 'train/loss', 'train/reconstruction_mse', 'train/r2_score', 'train/l1_penalty', 'train/learning_rate']
2026-01-18 22:08:06,249 [INFO] mi_crow.mechanistic.sae.sae_trainer: [SaeTrainer] Logging epoch 17 metrics to wandb: ['epoch', 'train/loss', 'train/reconstruction_mse', 'train/r2_score', 'train/l1_penalty', 'train/learning_rate']
2026-01-18 22:08:06,250 [INFO] mi_crow.mechanistic.sae.sae_trainer: [SaeTrainer] Logging epoch 18 metrics to wandb: ['epoch', 'train/loss', 'train/reconstruction_mse', 'train/r2_score', 'train/l1_penalty', 'train/learning_rate']
2026-01-18 22:08:06,250 [INFO] mi_crow.mechanistic.sae.sae_trainer: [SaeTrainer] Logging epoch 19 metrics to wandb: ['epoch', 'train/loss', 'train/reconstruction_mse', 'train/r2_score', 'train/l1_penalty', 'train/learning_rate']
2026-01-18 22:08:06,251 [INFO] mi_crow.mechanistic.sae.sae_trainer: [SaeTrainer] Logging epoch 20 metrics to wandb: ['epoch', 'train/loss', 'train/reconstruction_mse', 'train/r2_score', 'train/l1_penalty', 'train/learning_rate']
2026-01-18 22:08:06,251 [INFO] mi_crow.mechanistic.sae.sae_trainer: [SaeTrainer] Logging epoch 21 metrics to wandb: ['epoch', 'train/loss', 'train/reconstruction_mse', 'train/r2_score', 'train/l1_penalty', 'train/learning_rate']
2026-01-18 22:08:06,251 [INFO] mi_crow.mechanistic.sae.sae_trainer: [SaeTrainer] Logging epoch 22 metrics to wandb: ['epoch', 'train/loss', 'train/reconstruction_mse', 'train/r2_score', 'train/l1_penalty', 'train/learning_rate']
2026-01-18 22:08:06,252 [INFO] mi_crow.mechanistic.sae.sae_trainer: [SaeTrainer] Logging epoch 23 metrics to wandb: ['epoch', 'train/loss', 'train/reconstruction_mse', 'train/r2_score', 'train/l1_penalty', 'train/learning_rate']
2026-01-18 22:08:06,252 [INFO] mi_crow.mechanistic.sae.sae_trainer: [SaeTrainer] Logging epoch 24 metrics to wandb: ['epoch', 'train/loss', 'train/reconstruction_mse', 'train/r2_score', 'train/l1_penalty', 'train/learning_rate']
2026-01-18 22:08:06,253 [INFO] mi_crow.mechanistic.sae.sae_trainer: [SaeTrainer] Logging epoch 25 metrics to wandb: ['epoch', 'train/loss', 'train/reconstruction_mse', 'train/r2_score', 'train/l1_penalty', 'train/learning_rate', 'train/l0_sparsity', 'train/dead_features_pct']
2026-01-18 22:08:06,255 [INFO] mi_crow.mechanistic.sae.sae_trainer: [SaeTrainer] Updated wandb summary with final metrics: ['final/loss', 'final/reconstruction_mse', 'final/r2_score', 'final/l1_penalty', 'final/l0_sparsity', 'final/dead_features_pct', 'training/num_epochs', 'best/loss', 'best/loss_epoch', 'best/r2_score', 'best/r2_epoch']
2026-01-18 22:08:06,255 [INFO] mi_crow.mechanistic.sae.sae_trainer: [SaeTrainer] Metrics logged to wandb: https://wandb.ai/amber_team/amber_playground/runs/57yp0o1g
2026-01-18 22:08:06,255 [INFO] mi_crow.mechanistic.sae.sae_trainer: [SaeTrainer] Wandb run URL: https://wandb.ai/amber_team/amber_playground/runs/57yp0o1g
wandb: updating run metadata
wandb: uploading output.log; uploading wandb-summary.json
wandb: uploading output.log; uploading wandb-summary.json; uploading config.yaml
wandb: uploading summary, console lines 112-114
wandb: 
wandb: Run history:
wandb:                    epoch ▁▁▂▂▂▂▃▃▃▄▄▄▅▅▅▅▆▆▆▇▇▇▇██
wandb:  train/dead_features_pct ▁
wandb:        train/l0_sparsity ▁
wandb:         train/l1_penalty █▁▂▄▄▄▅▇▄▄▄▃▃▂▂▃▂▃▃▃▃▃▃▃▃
wandb:      train/learning_rate ▁▁▁▁▁▁▁▁▁▁▁▁▁▁▁▁▁▁▁▁▁▁▁▁▁
wandb:               train/loss █▃▂▂▁▁▁▁▁▁▁▁▁▁▁▁▁▁▁▁▁▁▁▁▁
wandb:           train/r2_score ▁▆▆▇▇▇▇██████████████████
wandb: train/reconstruction_mse █▃▃▂▂▂▂▁▁▁▁▁▁▁▁▁▁▁▁▁▁▁▁▁▁
wandb: 
wandb: Run summary:
wandb:               best/loss 0.2095
wandb:         best/loss_epoch 19
wandb:           best/r2_epoch 25
wandb:           best/r2_score 0.99567
wandb:                   epoch 25
wandb: final/dead_features_pct 0.62272
wandb:       final/l0_sparsity 0
wandb:        final/l1_penalty 7.19733
wandb:              final/loss 0.21294
wandb:          final/r2_score 0.99567
wandb:                      +9 ...
wandb: 
wandb: 🚀 View run activations_bielik12 at: https://wandb.ai/amber_team/amber_playground/runs/57yp0o1g
wandb: ⭐️ View project at: https://wandb.ai/amber_team/amber_playground
wandb: Synced 5 W&B file(s), 0 media file(s), 0 artifact file(s) and 0 other file(s)
wandb: Find logs at: ./wandb/run-20260118_150005-57yp0o1g/logs
2026-01-18 22:08:09,976 [INFO] mi_crow.mechanistic.sae.sae_trainer: [SaeTrainer] Wandb run finished and synced
2026-01-18 22:08:09,977 [INFO] mi_crow.mechanistic.sae.sae_trainer: [SaeTrainer] Training completed, processing 25 epochs of results
2026-01-18 22:08:09,977 [INFO] mi_crow.mechanistic.sae.sae_trainer: [SaeTrainer] Completed training
2026-01-18 22:08:09,977 [INFO] mi_crow.mechanistic.sae.sae_trainer: [SaeTrainer] Saving training outputs to store/runs/sae_llamaforcausallm_model_layers_15_20260118_150004/
2026-01-18 22:08:10,241 [INFO] mi_crow.mechanistic.sae.sae_trainer: [SaeTrainer] Saved model to: /mnt/evafs/groups/mi2lab/akaniasty/Mi-Crow/experiments/slurm_sae_pipeline/store/runs/sae_llamaforcausallm_model_layers_15_20260118_150004/model.pt
2026-01-18 22:08:10,241 [INFO] mi_crow.mechanistic.sae.sae_trainer: [SaeTrainer] Saved history to: /mnt/evafs/groups/mi2lab/akaniasty/Mi-Crow/experiments/slurm_sae_pipeline/store/runs/sae_llamaforcausallm_model_layers_15_20260118_150004/history.json
2026-01-18 22:08:10,241 [INFO] mi_crow.mechanistic.sae.sae_trainer: [SaeTrainer] Saved metadata to: runs/sae_llamaforcausallm_model_layers_15_20260118_150004/meta.json
2026-01-18 22:08:10,905 [INFO] __main__: ✅ Training function returned!
2026-01-18 22:08:10,905 [INFO] __main__: 💾 Training outputs saved to: store/runs/sae_llamaforcausallm_model_layers_15_20260118_150004/
2026-01-18 22:08:10,906 [INFO] __main__:    - Model: store/runs/sae_llamaforcausallm_model_layers_15_20260118_150004/model.pt
2026-01-18 22:08:10,906 [INFO] __main__:    - History: store/runs/sae_llamaforcausallm_model_layers_15_20260118_150004/history.json
2026-01-18 22:08:10,906 [INFO] __main__:    - Metadata: store/runs/sae_llamaforcausallm_model_layers_15_20260118_150004/meta.json
2026-01-18 22:08:10,906 [INFO] __main__:    - Snapshots: store/runs/sae_llamaforcausallm_model_layers_15_20260118_150004/snapshots/
2026-01-18 22:08:10,906 [INFO] __main__:    - Wandb URL: https://wandb.ai/amber_team/amber_playground/runs/57yp0o1g
