=== Job Information ===
Node: hopper
PWD: /mnt/evafs/groups/mi2lab/akaniasty/Mi-Crow
Date: Sun Jan 18 02:58:25 PM CET 2026
GPU: GPU 0: NVIDIA H100 PCIe (UUID: GPU-bf61031e-72aa-ca7a-24b8-920d973b2f1a)
Run ID: activations_bielik12

Using uv: /mnt/evafs/groups/mi2lab/akaniasty/Mi-Crow/.uv-bin/uv
uv version: uv 0.9.26

Setting up Python environment...
Syncing dependencies with uv...

Epoch[1/1], Loss: 0.6268, R2: 0.9947, L0: 8.5369, Dead Features: 0.0%, Time: 1080.8561 seconds
Epoch[1/1], Loss: 0.2349, R2: 0.9954, L0: 7.7662, Dead Features: 61.3%, Time: 1029.3231 seconds
Epoch[1/1], Loss: 0.2335, R2: 0.9954, L0: 7.8139, Dead Features: 71.8%, Time: 1028.7347 seconds
Epoch[1/1], Loss: 0.2323, R2: 0.9954, L0: 7.7434, Dead Features: 76.6%, Time: 1024.8361 seconds
Epoch[1/1], Loss: 0.2240, R2: 0.9955, L0: 7.2703, Dead Features: 80.3%, Time: 1027.1046 seconds
Epoch[1/1], Loss: 0.2229, R2: 0.9955, L0: 6.9090, Dead Features: 83.1%, Time: 1026.8693 seconds
Epoch[1/1], Loss: 0.2245, R2: 0.9955, L0: 6.8842, Dead Features: 84.7%, Time: 1026.0039 seconds
Epoch[1/1], Loss: 0.2256, R2: 0.9955, L0: 6.9793, Dead Features: 85.4%, Time: 1025.5691 seconds
Epoch[1/1], Loss: 0.2264, R2: 0.9955, L0: 7.0010, Dead Features: 83.1%, Time: 1026.8358 seconds
Epoch[1/1], Loss: 0.2330, R2: 0.9955, L0: 6.9965, Dead Features: 70.4%, Time: 1025.6932 seconds
Epoch[1/1], Loss: 0.2345, R2: 0.9954, L0: 7.0639, Dead Features: 51.3%, Time: 1026.8915 seconds
Epoch[1/1], Loss: 0.2319, R2: 0.9955, L0: 6.9973, Dead Features: 53.7%, Time: 1027.6092 seconds
Epoch[1/1], Loss: 0.2285, R2: 0.9954, L0: 6.9167, Dead Features: 62.3%, Time: 1022.8504 seconds
Epoch[1/1], Loss: 0.2278, R2: 0.9955, L0: 6.9296, Dead Features: 67.3%, Time: 1024.8562 seconds
Epoch[1/1], Loss: 0.2276, R2: 0.9955, L0: 6.8578, Dead Features: 71.5%, Time: 1027.7497 seconds
Epoch[1/1], Loss: 0.2262, R2: 0.9955, L0: 6.8793, Dead Features: 74.9%, Time: 1044.7381 seconds
Epoch[1/1], Loss: 0.2262, R2: 0.9955, L0: 6.8905, Dead Features: 77.5%, Time: 1025.1848 seconds
Epoch[1/1], Loss: 0.2261, R2: 0.9955, L0: 6.8889, Dead Features: 78.6%, Time: 1023.7241 seconds
Epoch[1/1], Loss: 0.2257, R2: 0.9955, L0: 6.9691, Dead Features: 79.2%, Time: 1021.9243 seconds
Epoch[1/1], Loss: 0.2289, R2: 0.9955, L0: 6.9958, Dead Features: 76.0%, Time: 1024.9524 seconds
Epoch[1/1], Loss: 0.2287, R2: 0.9955, L0: 7.0638, Dead Features: 68.5%, Time: 1029.5590 seconds
Epoch[1/1], Loss: 0.2304, R2: 0.9955, L0: 6.9868, Dead Features: 62.3%, Time: 1032.2393 seconds
Epoch[1/1], Loss: 0.2283, R2: 0.9955, L0: 6.9337, Dead Features: 62.6%, Time: 1031.2829 seconds
Epoch[1/1], Loss: 0.2276, R2: 0.9955, L0: 6.9013, Dead Features: 64.6%, Time: 1027.7703 seconds
Epoch[1/1], Loss: 0.2285, R2: 0.9955, L0: 6.8692, Dead Features: 66.9%, Time: 1025.3523 seconds
✅ SAE training completed!
