=== Job Information ===
Node: hopper
PWD: /mnt/evafs/groups/mi2lab/akaniasty/Mi-Crow
Date: Sun Jan 18 02:40:16 PM CET 2026
GPU: GPU 0: NVIDIA H100 PCIe (UUID: GPU-c44e51d7-f2a5-5368-6c9f-c568e357eeb0)
Run ID: activations_20260118_122829

Using uv: /mnt/evafs/groups/mi2lab/akaniasty/Mi-Crow/.uv-bin/uv
uv version: uv 0.9.26

Setting up Python environment...
Syncing dependencies with uv...

Epoch[1/1], Loss: 0.7958, R2: 0.9810, L0: 9.1698, Dead Features: 0.0%, Time: 1407.0172 seconds
Epoch[1/1], Loss: 0.2382, R2: 0.9823, L0: 8.0437, Dead Features: 62.3%, Time: 1294.2312 seconds
Epoch[1/1], Loss: 0.2159, R2: 0.9823, L0: 8.0754, Dead Features: 75.0%, Time: 1299.6269 seconds
Epoch[1/1], Loss: 0.2099, R2: 0.9823, L0: 8.0029, Dead Features: 80.7%, Time: 1282.9695 seconds
Epoch[1/1], Loss: 0.2088, R2: 0.9823, L0: 7.9947, Dead Features: 84.1%, Time: 1292.3625 seconds
Epoch[1/1], Loss: 0.2080, R2: 0.9823, L0: 8.1204, Dead Features: 86.4%, Time: 1292.4376 seconds
Epoch[1/1], Loss: 0.2104, R2: 0.9823, L0: 8.0345, Dead Features: 88.0%, Time: 1289.2778 seconds
Epoch[1/1], Loss: 0.2098, R2: 0.9823, L0: 8.0618, Dead Features: 88.9%, Time: 1281.9427 seconds
Epoch[1/1], Loss: 0.2093, R2: 0.9823, L0: 8.1989, Dead Features: 88.0%, Time: 1278.2161 seconds
Epoch[1/1], Loss: 0.2107, R2: 0.9823, L0: 8.1800, Dead Features: 81.2%, Time: 1280.6269 seconds
Epoch[1/1], Loss: 0.2166, R2: 0.9823, L0: 8.2042, Dead Features: 53.4%, Time: 1285.8106 seconds
Epoch[1/1], Loss: 0.2167, R2: 0.9822, L0: 8.0746, Dead Features: 43.1%, Time: 1287.9144 seconds
Epoch[1/1], Loss: 0.2132, R2: 0.9823, L0: 8.0657, Dead Features: 55.3%, Time: 1298.1902 seconds
Epoch[1/1], Loss: 0.2112, R2: 0.9823, L0: 7.9858, Dead Features: 63.4%, Time: 1292.5614 seconds
Epoch[1/1], Loss: 0.2118, R2: 0.9823, L0: 7.8918, Dead Features: 68.7%, Time: 1276.5741 seconds
Epoch[1/1], Loss: 0.2107, R2: 0.9823, L0: 7.9751, Dead Features: 73.5%, Time: 1279.9772 seconds
Epoch[1/1], Loss: 0.2106, R2: 0.9823, L0: 8.0008, Dead Features: 77.1%, Time: 1272.0768 seconds
Epoch[1/1], Loss: 0.2098, R2: 0.9823, L0: 8.0272, Dead Features: 79.8%, Time: 1282.4938 seconds
Epoch[1/1], Loss: 0.2105, R2: 0.9823, L0: 8.0777, Dead Features: 81.3%, Time: 1284.2315 seconds
Epoch[1/1], Loss: 0.2138, R2: 0.9822, L0: 8.0461, Dead Features: 81.0%, Time: 1284.2917 seconds
Epoch[1/1], Loss: 0.2108, R2: 0.9821, L0: 7.8001, Dead Features: 75.5%, Time: 1275.5918 seconds
Epoch[1/1], Loss: 0.2092, R2: 0.9821, L0: 7.7172, Dead Features: 65.7%, Time: 1268.7462 seconds
Epoch[1/1], Loss: 0.2117, R2: 0.9821, L0: 7.6622, Dead Features: 60.3%, Time: 1270.9120 seconds
Epoch[1/1], Loss: 0.2095, R2: 0.9820, L0: 7.6512, Dead Features: 60.7%, Time: 1270.3505 seconds
Epoch[1/1], Loss: 0.2088, R2: 0.9820, L0: 7.5911, Dead Features: 63.1%, Time: 1265.8987 seconds
✅ SAE training completed!
